<?xml version="1.0" encoding="UTF-8"?>
<!-- Generated by org.testng.reporters.JUnitReportReporter -->
<testsuite hostname="DESKTOP-CM7QV2O" name="com.its.qa.Test.ITS_Home" tests="3" failures="0" timestamp="13 Sep 2020 17:23:36 GMT" time="0.014" errors="0">
  <testcase name="validate_ITS_Home_Test2" time="0.003" classname="com.its.qa.Test.ITS_Home"/>
  <testcase name="validate_ITS_Home_Test3" time="0.005" classname="com.its.qa.Test.ITS_Home"/>
  <testcase name="validate_ITS_Home_Test1" time="0.006" classname="com.its.qa.Test.ITS_Home"/>
</testsuite> <!-- com.its.qa.Test.ITS_Home -->
